<?xml version="1.0" encoding="UTF-8"?>
<!-- Generated by org.testng.reporters.JUnitReportReporter -->
<testsuite hostname="DESKTOP-MK8UR93" failures="0" tests="7" name="tests.UserTest" time="4.072" errors="0" timestamp="2022-01-18T23:36:31 TRT" skipped="0">
  <testcase classname="tests.UserTest" name="TS0001" time="2.222"/>
  <system-out/>
  <testcase classname="tests.UserTest" name="TS0002" time="0.731"/>
  <system-out/>
  <testcase classname="tests.UserTest" name="TS0003" time="0.231"/>
  <system-out/>
  <testcase classname="tests.UserTest" name="TS0004" time="0.250"/>
  <system-out/>
  <testcase classname="tests.UserTest" name="TS0005" time="0.204"/>
  <system-out/>
  <testcase classname="tests.UserTest" name="TS0006" time="0.220"/>
  <system-out/>
  <testcase classname="tests.UserTest" name="TS0007" time="0.214"/>
  <system-out/>
</testsuite> <!-- tests.UserTest -->
